<?xml version="1.0" encoding="UTF-8"?>
<testsuite xmlns:xsi="http://www.w3.org/2001/XMLSchema-instance" xsi:noNamespaceSchemaLocation="https://maven.apache.org/surefire/maven-surefire-plugin/xsd/surefire-test-report.xsd" version="3.0.2" name="com.demo.my_spring_app.MySpringAppApplicationTests" time="2.222" tests="1" errors="0" skipped="0" failures="0">
  <properties>
[...]
</properties>
  <testcase name="contextLoads" classname="com.demo.my_spring_app.MySpringAppApplicationTests" time="0.575">
    <system-out><![CDATA[21:41:05.376 [main] INFO org.springframework.test.context.support.AnnotationConfigContextLoaderUtils -- Could not detect default configuration classes for test class [com.demo.my_spring_app.MySpringAppApplicationTests]: MySpringAppApplicationTests does not declare any static, non-private, non-final, nested classes annotated with @Configuration.
21:41:05.551 [main] INFO org.springframework.boot.test.context.SpringBootTestContextBootstrapper -- Found @SpringBootConfiguration com.demo.my_spring_app.MySpringAppApplication for test class com.demo.my_spring_app.MySpringAppApplicationTests

  .   ____          _            __ _ _
 /\\ / ___'_ __ _ _(_)_ __  __ _ \ \ \ \
( ( )\___ | '_ | '_| | '_ \/ _` | \ \ \ \
 \\/  ___)| |_)| | | | | || (_| |  ) ) ) )
  '  |____| .__|_| |_|_| |_\__, | / / / /
 =========|_|==============|___/=/_/_/_/

 :: Spring Boot ::      (v3.5.11-SNAPSHOT)

2026-02-02T21:41:05.960+05:30  INFO 1033436 --- [           main] c.d.m.MySpringAppApplicationTests        : Starting MySpringAppApplicationTests using Java 17.0.17 with PID 1033436 (started by hanush-lokesh in /home/hanush-lokesh/Downloads/demo (2))
2026-02-02T21:41:05.961+05:30  INFO 1033436 --- [           main] c.d.m.MySpringAppApplicationTests        : No active profile set, falling back to 1 default profile: "default"
2026-02-02T21:41:06.834+05:30  INFO 1033436 --- [           main] c.d.m.MySpringAppApplicationTests        : Started MySpringAppApplicationTests in 1.133 seconds (process running for 2.322)
]]></system-out>
  </testcase>
</testsuite>